Command line invocation:
    /Applications/Xcode.app/Contents/Developer/usr/bin/xcodebuild build -scheme M4-Besigue -destination "platform=iOS Simulator,id=B3976291-71CA-4027-A81D-691420979382"

ComputePackagePrebuildTargetDependencyGraph

Prepare packages

CreateBuildRequest

SendProjectDescription

CreateBuildOperation

ComputeTargetDependencyGraph
note: Building targets in dependency order
note: Target dependency graph (1 target)
    Target 'M4-Besigue' in project 'M4-Besigue' (no dependencies)

GatherProvisioningInputs

CreateBuildDescription

ExecuteExternalTool /Applications/Xcode.app/Contents/Developer/Toolchains/XcodeDefault.xctoolchain/usr/bin/clang -v -E -dM -isysroot /Applications/Xcode.app/Contents/Developer/Platforms/iPhoneSimulator.platform/Developer/SDKs/iPhoneSimulator18.5.sdk -x c -c /dev/null

ExecuteExternalTool /Applications/Xcode.app/Contents/Developer/usr/bin/momc --dry-run --action generate --swift-version 5.0 --sdkroot /Applications/Xcode.app/Contents/Developer/Platforms/iPhoneSimulator.platform/Developer/SDKs/iPhoneSimulator18.5.sdk --iphonesimulator-deployment-target 18.5 --module M4_Besigue /Users/paulfaustin/Documents/My Docs/My Working/M4/M4-Besigue/M4-Besigue/M4_Besigue.xcdatamodeld /Users/paulfaustin/Library/Developer/Xcode/DerivedData/M4-Besigue-eikqqirvrspelwbaehlhymzomkfp/Build/Intermediates.noindex/M4-Besigue.build/Debug-iphonesimulator/M4-Besigue.build/DerivedSources/CoreDataGenerated/M4_Besigue

ExecuteExternalTool /Applications/Xcode.app/Contents/Developer/usr/bin/actool --print-asset-tag-combinations --output-format xml1 /Users/paulfaustin/Documents/My Docs/My Working/M4/M4-Besigue/M4-Besigue/Assets.xcassets

ExecuteExternalTool /Applications/Xcode.app/Contents/Developer/usr/bin/actool --version --output-format xml1

ExecuteExternalTool /Applications/Xcode.app/Contents/Developer/Toolchains/XcodeDefault.xctoolchain/usr/bin/swiftc --version

ExecuteExternalTool /Applications/Xcode.app/Contents/Developer/Toolchains/XcodeDefault.xctoolchain/usr/bin/ld -version_details

Build description signature: acca362a9c24ac337fa79b179bab941e
Build description path: /Users/paulfaustin/Library/Developer/Xcode/DerivedData/M4-Besigue-eikqqirvrspelwbaehlhymzomkfp/Build/Intermediates.noindex/XCBuildData/acca362a9c24ac337fa79b179bab941e.xcbuilddata
note: Disabling hardened runtime with ad-hoc codesigning. (in target 'M4-Besigue' from project 'M4-Besigue')
ProcessProductPackaging /Users/paulfaustin/Documents/My\ Docs/My\ Working/M4/M4-Besigue/M4-Besigue/M4_Besigue.entitlements /Users/paulfaustin/Library/Developer/Xcode/DerivedData/M4-Besigue-eikqqirvrspelwbaehlhymzomkfp/Build/Intermediates.noindex/M4-Besigue.build/Debug-iphonesimulator/M4-Besigue.build/M4-Besigue.app-Simulated.xcent (in target 'M4-Besigue' from project 'M4-Besigue')
    cd /Users/paulfaustin/Documents/My\ Docs/My\ Working/M4/M4-Besigue
    
    Entitlements:
    
    {
    "application-identifier" = "3HMXL3X6K4.com.nivaron.m4besigue.M4-Besigue";
}
    
    builtin-productPackagingUtility /Users/paulfaustin/Documents/My\ Docs/My\ Working/M4/M4-Besigue/M4-Besigue/M4_Besigue.entitlements -entitlements -format xml -o /Users/paulfaustin/Library/Developer/Xcode/DerivedData/M4-Besigue-eikqqirvrspelwbaehlhymzomkfp/Build/Intermediates.noindex/M4-Besigue.build/Debug-iphonesimulator/M4-Besigue.build/M4-Besigue.app-Simulated.xcent

ProcessProductPackagingDER /Users/paulfaustin/Library/Developer/Xcode/DerivedData/M4-Besigue-eikqqirvrspelwbaehlhymzomkfp/Build/Intermediates.noindex/M4-Besigue.build/Debug-iphonesimulator/M4-Besigue.build/M4-Besigue.app-Simulated.xcent /Users/paulfaustin/Library/Developer/Xcode/DerivedData/M4-Besigue-eikqqirvrspelwbaehlhymzomkfp/Build/Intermediates.noindex/M4-Besigue.build/Debug-iphonesimulator/M4-Besigue.build/M4-Besigue.app-Simulated.xcent.der (in target 'M4-Besigue' from project 'M4-Besigue')
    cd /Users/paulfaustin/Documents/My\ Docs/My\ Working/M4/M4-Besigue
    /usr/bin/derq query -f xml -i /Users/paulfaustin/Library/Developer/Xcode/DerivedData/M4-Besigue-eikqqirvrspelwbaehlhymzomkfp/Build/Intermediates.noindex/M4-Besigue.build/Debug-iphonesimulator/M4-Besigue.build/M4-Besigue.app-Simulated.xcent -o /Users/paulfaustin/Library/Developer/Xcode/DerivedData/M4-Besigue-eikqqirvrspelwbaehlhymzomkfp/Build/Intermediates.noindex/M4-Besigue.build/Debug-iphonesimulator/M4-Besigue.build/M4-Besigue.app-Simulated.xcent.der --raw

ProcessProductPackaging /Users/paulfaustin/Documents/My\ Docs/My\ Working/M4/M4-Besigue/M4-Besigue/M4_Besigue.entitlements /Users/paulfaustin/Library/Developer/Xcode/DerivedData/M4-Besigue-eikqqirvrspelwbaehlhymzomkfp/Build/Intermediates.noindex/M4-Besigue.build/Debug-iphonesimulator/M4-Besigue.build/M4-Besigue.app.xcent (in target 'M4-Besigue' from project 'M4-Besigue')
    cd /Users/paulfaustin/Documents/My\ Docs/My\ Working/M4/M4-Besigue
    
    Entitlements:
    
    {
}
    
    builtin-productPackagingUtility /Users/paulfaustin/Documents/My\ Docs/My\ Working/M4/M4-Besigue/M4-Besigue/M4_Besigue.entitlements -entitlements -format xml -o /Users/paulfaustin/Library/Developer/Xcode/DerivedData/M4-Besigue-eikqqirvrspelwbaehlhymzomkfp/Build/Intermediates.noindex/M4-Besigue.build/Debug-iphonesimulator/M4-Besigue.build/M4-Besigue.app.xcent

ProcessProductPackagingDER /Users/paulfaustin/Library/Developer/Xcode/DerivedData/M4-Besigue-eikqqirvrspelwbaehlhymzomkfp/Build/Intermediates.noindex/M4-Besigue.build/Debug-iphonesimulator/M4-Besigue.build/M4-Besigue.app.xcent /Users/paulfaustin/Library/Developer/Xcode/DerivedData/M4-Besigue-eikqqirvrspelwbaehlhymzomkfp/Build/Intermediates.noindex/M4-Besigue.build/Debug-iphonesimulator/M4-Besigue.build/M4-Besigue.app.xcent.der (in target 'M4-Besigue' from project 'M4-Besigue')
    cd /Users/paulfaustin/Documents/My\ Docs/My\ Working/M4/M4-Besigue
    /usr/bin/derq query -f xml -i /Users/paulfaustin/Library/Developer/Xcode/DerivedData/M4-Besigue-eikqqirvrspelwbaehlhymzomkfp/Build/Intermediates.noindex/M4-Besigue.build/Debug-iphonesimulator/M4-Besigue.build/M4-Besigue.app.xcent -o /Users/paulfaustin/Library/Developer/Xcode/DerivedData/M4-Besigue-eikqqirvrspelwbaehlhymzomkfp/Build/Intermediates.noindex/M4-Besigue.build/Debug-iphonesimulator/M4-Besigue.build/M4-Besigue.app.xcent.der --raw

ClangStatCache /Applications/Xcode.app/Contents/Developer/Toolchains/XcodeDefault.xctoolchain/usr/bin/clang-stat-cache /Applications/Xcode.app/Contents/Developer/Platforms/iPhoneSimulator.platform/Developer/SDKs/iPhoneSimulator18.5.sdk /Users/paulfaustin/Library/Developer/Xcode/DerivedData/SDKStatCaches.noindex/iphonesimulator18.5-22F76-d5fc8ad4295d2ef488fb7d0f804ce0c4.sdkstatcache
    cd /Users/paulfaustin/Documents/My\ Docs/My\ Working/M4/M4-Besigue/M4-Besigue.xcodeproj
    /Applications/Xcode.app/Contents/Developer/Toolchains/XcodeDefault.xctoolchain/usr/bin/clang-stat-cache /Applications/Xcode.app/Contents/Developer/Platforms/iPhoneSimulator.platform/Developer/SDKs/iPhoneSimulator18.5.sdk -o /Users/paulfaustin/Library/Developer/Xcode/DerivedData/SDKStatCaches.noindex/iphonesimulator18.5-22F76-d5fc8ad4295d2ef488fb7d0f804ce0c4.sdkstatcache

WriteAuxiliaryFile /Users/paulfaustin/Library/Developer/Xcode/DerivedData/M4-Besigue-eikqqirvrspelwbaehlhymzomkfp/Build/Intermediates.noindex/M4-Besigue.build/Debug-iphonesimulator/M4-Besigue.build/Objects-normal/arm64/M4-Besigue.SwiftFileList (in target 'M4-Besigue' from project 'M4-Besigue')
    cd /Users/paulfaustin/Documents/My\ Docs/My\ Working/M4/M4-Besigue
    write-file /Users/paulfaustin/Library/Developer/Xcode/DerivedData/M4-Besigue-eikqqirvrspelwbaehlhymzomkfp/Build/Intermediates.noindex/M4-Besigue.build/Debug-iphonesimulator/M4-Besigue.build/Objects-normal/arm64/M4-Besigue.SwiftFileList

WriteAuxiliaryFile /Users/paulfaustin/Library/Developer/Xcode/DerivedData/M4-Besigue-eikqqirvrspelwbaehlhymzomkfp/Build/Intermediates.noindex/M4-Besigue.build/Debug-iphonesimulator/M4-Besigue.build/Objects-normal/arm64/M4-Besigue.SwiftConstValuesFileList (in target 'M4-Besigue' from project 'M4-Besigue')
    cd /Users/paulfaustin/Documents/My\ Docs/My\ Working/M4/M4-Besigue
    write-file /Users/paulfaustin/Library/Developer/Xcode/DerivedData/M4-Besigue-eikqqirvrspelwbaehlhymzomkfp/Build/Intermediates.noindex/M4-Besigue.build/Debug-iphonesimulator/M4-Besigue.build/Objects-normal/arm64/M4-Besigue.SwiftConstValuesFileList

WriteAuxiliaryFile /Users/paulfaustin/Library/Developer/Xcode/DerivedData/M4-Besigue-eikqqirvrspelwbaehlhymzomkfp/Build/Intermediates.noindex/M4-Besigue.build/Debug-iphonesimulator/M4-Besigue.build/Objects-normal/arm64/M4-Besigue.LinkFileList (in target 'M4-Besigue' from project 'M4-Besigue')
    cd /Users/paulfaustin/Documents/My\ Docs/My\ Working/M4/M4-Besigue
    write-file /Users/paulfaustin/Library/Developer/Xcode/DerivedData/M4-Besigue-eikqqirvrspelwbaehlhymzomkfp/Build/Intermediates.noindex/M4-Besigue.build/Debug-iphonesimulator/M4-Besigue.build/Objects-normal/arm64/M4-Besigue.LinkFileList

ProcessInfoPlistFile /Users/paulfaustin/Library/Developer/Xcode/DerivedData/M4-Besigue-eikqqirvrspelwbaehlhymzomkfp/Build/Products/Debug-iphonesimulator/M4-Besigue.app/Info.plist /Users/paulfaustin/Documents/My\ Docs/My\ Working/M4/M4-Besigue/M4-Besigue/Info.plist (in target 'M4-Besigue' from project 'M4-Besigue')
    cd /Users/paulfaustin/Documents/My\ Docs/My\ Working/M4/M4-Besigue
    builtin-infoPlistUtility /Users/paulfaustin/Documents/My\ Docs/My\ Working/M4/M4-Besigue/M4-Besigue/Info.plist -producttype com.apple.product-type.application -genpkginfo /Users/paulfaustin/Library/Developer/Xcode/DerivedData/M4-Besigue-eikqqirvrspelwbaehlhymzomkfp/Build/Products/Debug-iphonesimulator/M4-Besigue.app/PkgInfo -expandbuildsettings -format binary -platform iphonesimulator -additionalcontentfile /Users/paulfaustin/Library/Developer/Xcode/DerivedData/M4-Besigue-eikqqirvrspelwbaehlhymzomkfp/Build/Intermediates.noindex/M4-Besigue.build/Debug-iphonesimulator/M4-Besigue.build/assetcatalog_generated_info.plist -o /Users/paulfaustin/Library/Developer/Xcode/DerivedData/M4-Besigue-eikqqirvrspelwbaehlhymzomkfp/Build/Products/Debug-iphonesimulator/M4-Besigue.app/Info.plist

SwiftDriver M4-Besigue normal arm64 com.apple.xcode.tools.swift.compiler (in target 'M4-Besigue' from project 'M4-Besigue')
    cd /Users/paulfaustin/Documents/My\ Docs/My\ Working/M4/M4-Besigue
    builtin-SwiftDriver -- /Applications/Xcode.app/Contents/Developer/Toolchains/XcodeDefault.xctoolchain/usr/bin/swiftc -module-name M4_Besigue -Onone -enforce-exclusivity\=checked @/Users/paulfaustin/Library/Developer/Xcode/DerivedData/M4-Besigue-eikqqirvrspelwbaehlhymzomkfp/Build/Intermediates.noindex/M4-Besigue.build/Debug-iphonesimulator/M4-Besigue.build/Objects-normal/arm64/M4-Besigue.SwiftFileList -DDEBUG -enable-bare-slash-regex -enable-experimental-feature DebugDescriptionMacro -sdk /Applications/Xcode.app/Contents/Developer/Platforms/iPhoneSimulator.platform/Developer/SDKs/iPhoneSimulator18.5.sdk -target arm64-apple-ios18.5-simulator -g -module-cache-path /Users/paulfaustin/Library/Developer/Xcode/DerivedData/ModuleCache.noindex -Xfrontend -serialize-debugging-options -profile-coverage-mapping -profile-generate -enable-testing -index-store-path /Users/paulfaustin/Library/Developer/Xcode/DerivedData/M4-Besigue-eikqqirvrspelwbaehlhymzomkfp/Index.noindex/DataStore -swift-version 5 -I /Users/paulfaustin/Library/Developer/Xcode/DerivedData/M4-Besigue-eikqqirvrspelwbaehlhymzomkfp/Build/Products/Debug-iphonesimulator -F /Users/paulfaustin/Library/Developer/Xcode/DerivedData/M4-Besigue-eikqqirvrspelwbaehlhymzomkfp/Build/Products/Debug-iphonesimulator -emit-localized-strings -emit-localized-strings-path /Users/paulfaustin/Library/Developer/Xcode/DerivedData/M4-Besigue-eikqqirvrspelwbaehlhymzomkfp/Build/Intermediates.noindex/M4-Besigue.build/Debug-iphonesimulator/M4-Besigue.build/Objects-normal/arm64 -c -j8 -enable-batch-mode -incremental -Xcc -ivfsstatcache -Xcc /Users/paulfaustin/Library/Developer/Xcode/DerivedData/SDKStatCaches.noindex/iphonesimulator18.5-22F76-d5fc8ad4295d2ef488fb7d0f804ce0c4.sdkstatcache -output-file-map /Users/paulfaustin/Library/Developer/Xcode/DerivedData/M4-Besigue-eikqqirvrspelwbaehlhymzomkfp/Build/Intermediates.noindex/M4-Besigue.build/Debug-iphonesimulator/M4-Besigue.build/Objects-normal/arm64/M4-Besigue-OutputFileMap.json -use-frontend-parseable-output -save-temps -no-color-diagnostics -serialize-diagnostics -emit-dependencies -emit-module -emit-module-path /Users/paulfaustin/Library/Developer/Xcode/DerivedData/M4-Besigue-eikqqirvrspelwbaehlhymzomkfp/Build/Intermediates.noindex/M4-Besigue.build/Debug-iphonesimulator/M4-Besigue.build/Objects-normal/arm64/M4_Besigue.swiftmodule -validate-clang-modules-once -clang-build-session-file /Users/paulfaustin/Library/Developer/Xcode/DerivedData/ModuleCache.noindex/Session.modulevalidation -Xcc -I/Users/paulfaustin/Library/Developer/Xcode/DerivedData/M4-Besigue-eikqqirvrspelwbaehlhymzomkfp/Build/Intermediates.noindex/M4-Besigue.build/Debug-iphonesimulator/M4-Besigue.build/swift-overrides.hmap -emit-const-values -Xfrontend -const-gather-protocols-file -Xfrontend /Users/paulfaustin/Library/Developer/Xcode/DerivedData/M4-Besigue-eikqqirvrspelwbaehlhymzomkfp/Build/Intermediates.noindex/M4-Besigue.build/Debug-iphonesimulator/M4-Besigue.build/Objects-normal/arm64/M4-Besigue_const_extract_protocols.json -Xcc -iquote -Xcc /Users/paulfaustin/Library/Developer/Xcode/DerivedData/M4-Besigue-eikqqirvrspelwbaehlhymzomkfp/Build/Intermediates.noindex/M4-Besigue.build/Debug-iphonesimulator/M4-Besigue.build/M4-Besigue-generated-files.hmap -Xcc -I/Users/paulfaustin/Library/Developer/Xcode/DerivedData/M4-Besigue-eikqqirvrspelwbaehlhymzomkfp/Build/Intermediates.noindex/M4-Besigue.build/Debug-iphonesimulator/M4-Besigue.build/M4-Besigue-own-target-headers.hmap -Xcc -I/Users/paulfaustin/Library/Developer/Xcode/DerivedData/M4-Besigue-eikqqirvrspelwbaehlhymzomkfp/Build/Intermediates.noindex/M4-Besigue.build/Debug-iphonesimulator/M4-Besigue.build/M4-Besigue-all-target-headers.hmap -Xcc -iquote -Xcc /Users/paulfaustin/Library/Developer/Xcode/DerivedData/M4-Besigue-eikqqirvrspelwbaehlhymzomkfp/Build/Intermediates.noindex/M4-Besigue.build/Debug-iphonesimulator/M4-Besigue.build/M4-Besigue-project-headers.hmap -Xcc -I/Users/paulfaustin/Library/Developer/Xcode/DerivedData/M4-Besigue-eikqqirvrspelwbaehlhymzomkfp/Build/Products/Debug-iphonesimulator/include -Xcc -I/Users/paulfaustin/Library/Developer/Xcode/DerivedData/M4-Besigue-eikqqirvrspelwbaehlhymzomkfp/Build/Intermediates.noindex/M4-Besigue.build/Debug-iphonesimulator/M4-Besigue.build/DerivedSources-normal/arm64 -Xcc -I/Users/paulfaustin/Library/Developer/Xcode/DerivedData/M4-Besigue-eikqqirvrspelwbaehlhymzomkfp/Build/Intermediates.noindex/M4-Besigue.build/Debug-iphonesimulator/M4-Besigue.build/DerivedSources/arm64 -Xcc -I/Users/paulfaustin/Library/Developer/Xcode/DerivedData/M4-Besigue-eikqqirvrspelwbaehlhymzomkfp/Build/Intermediates.noindex/M4-Besigue.build/Debug-iphonesimulator/M4-Besigue.build/DerivedSources -Xcc -DDEBUG\=1 -emit-objc-header -emit-objc-header-path /Users/paulfaustin/Library/Developer/Xcode/DerivedData/M4-Besigue-eikqqirvrspelwbaehlhymzomkfp/Build/Intermediates.noindex/M4-Besigue.build/Debug-iphonesimulator/M4-Besigue.build/Objects-normal/arm64/M4_Besigue-Swift.h -working-directory /Users/paulfaustin/Documents/My\ Docs/My\ Working/M4/M4-Besigue -experimental-emit-module-separately -disable-cmo

SwiftEmitModule normal arm64 Emitting\ module\ for\ M4_Besigue (in target 'M4-Besigue' from project 'M4-Besigue')

EmitSwiftModule normal arm64 (in target 'M4-Besigue' from project 'M4-Besigue')
    cd /Users/paulfaustin/Documents/My\ Docs/My\ Working/M4/M4-Besigue
    

SwiftCompile normal arm64 Compiling\ GameRules.swift /Users/paulfaustin/Documents/My\ Docs/My\ Working/M4/M4-Besigue/M4-Besigue/Models/GameRules.swift (in target 'M4-Besigue' from project 'M4-Besigue')
SwiftCompile normal arm64 /Users/paulfaustin/Documents/My\ Docs/My\ Working/M4/M4-Besigue/M4-Besigue/Models/GameRules.swift (in target 'M4-Besigue' from project 'M4-Besigue')
    cd /Users/paulfaustin/Documents/My\ Docs/My\ Working/M4/M4-Besigue
    
/Users/paulfaustin/Documents/My Docs/My Working/M4/M4-Besigue/M4-Besigue/Models/GameRules.swift:40:9: warning: immutable property will not be decoded because it is declared with an initial value which cannot be overwritten
    let id = UUID()
        ^
/Users/paulfaustin/Documents/My Docs/My Working/M4/M4-Besigue/M4-Besigue/Models/GameRules.swift:40:9: note: set the initial value via the initializer or explicitly define a CodingKeys enum including a 'id' case to silence this warning
    let id = UUID()
        ^
/Users/paulfaustin/Documents/My Docs/My Working/M4/M4-Besigue/M4-Besigue/Models/GameRules.swift:40:9: note: make the property mutable instead
    let id = UUID()
    ~~~ ^
    var

SwiftCompile normal arm64 Compiling\ Game.swift /Users/paulfaustin/Documents/My\ Docs/My\ Working/M4/M4-Besigue/M4-Besigue/Models/Game.swift (in target 'M4-Besigue' from project 'M4-Besigue')
SwiftCompile normal arm64 /Users/paulfaustin/Documents/My\ Docs/My\ Working/M4/M4-Besigue/M4-Besigue/Models/Game.swift (in target 'M4-Besigue' from project 'M4-Besigue')
    cd /Users/paulfaustin/Documents/My\ Docs/My\ Working/M4/M4-Besigue
    

SwiftCompile normal arm64 Compiling\ HomePageView.swift /Users/paulfaustin/Documents/My\ Docs/My\ Working/M4/M4-Besigue/M4-Besigue/Views/HomePageView.swift (in target 'M4-Besigue' from project 'M4-Besigue')
SwiftCompile normal arm64 /Users/paulfaustin/Documents/My\ Docs/My\ Working/M4/M4-Besigue/M4-Besigue/Views/HomePageView.swift (in target 'M4-Besigue' from project 'M4-Besigue')
    cd /Users/paulfaustin/Documents/My\ Docs/My\ Working/M4/M4-Besigue
    
/Users/paulfaustin/Documents/My Docs/My Working/M4/M4-Besigue/M4-Besigue/Views/HomePageView.swift:1021:10: warning: 'onChange(of:perform:)' was deprecated in iOS 17.0: Use `onChange` with a two or zero parameter action closure instead.
        .onChange(of: entranceIndex) { newIndex in
         ^
/Users/paulfaustin/Documents/My Docs/My Working/M4/M4-Besigue/M4-Besigue/Views/HomePageView.swift:930:21: warning: initialization of immutable value 'center' was never used; consider replacing with assignment to '_' or removing it
                let center = CGPoint(
                ~~~~^~~~~~
                _

SwiftCompile normal arm64 Compiling\ GameSettingsView.swift /Users/paulfaustin/Documents/My\ Docs/My\ Working/M4/M4-Besigue/M4-Besigue/Views/GameSettingsView.swift (in target 'M4-Besigue' from project 'M4-Besigue')

SwiftCompile normal arm64 /Users/paulfaustin/Documents/My\ Docs/My\ Working/M4/M4-Besigue/M4-Besigue/Views/GameSettingsView.swift (in target 'M4-Besigue' from project 'M4-Besigue')
    cd /Users/paulfaustin/Documents/My\ Docs/My\ Working/M4/M4-Besigue
    

SwiftDriverJobDiscovery normal arm64 Emitting module for M4_Besigue (in target 'M4-Besigue' from project 'M4-Besigue')

SwiftDriver\ Compilation\ Requirements M4-Besigue normal arm64 com.apple.xcode.tools.swift.compiler (in target 'M4-Besigue' from project 'M4-Besigue')
    cd /Users/paulfaustin/Documents/My\ Docs/My\ Working/M4/M4-Besigue
    builtin-Swift-Compilation-Requirements -- /Applications/Xcode.app/Contents/Developer/Toolchains/XcodeDefault.xctoolchain/usr/bin/swiftc -module-name M4_Besigue -Onone -enforce-exclusivity\=checked @/Users/paulfaustin/Library/Developer/Xcode/DerivedData/M4-Besigue-eikqqirvrspelwbaehlhymzomkfp/Build/Intermediates.noindex/M4-Besigue.build/Debug-iphonesimulator/M4-Besigue.build/Objects-normal/arm64/M4-Besigue.SwiftFileList -DDEBUG -enable-bare-slash-regex -enable-experimental-feature DebugDescriptionMacro -sdk /Applications/Xcode.app/Contents/Developer/Platforms/iPhoneSimulator.platform/Developer/SDKs/iPhoneSimulator18.5.sdk -target arm64-apple-ios18.5-simulator -g -module-cache-path /Users/paulfaustin/Library/Developer/Xcode/DerivedData/ModuleCache.noindex -Xfrontend -serialize-debugging-options -profile-coverage-mapping -profile-generate -enable-testing -index-store-path /Users/paulfaustin/Library/Developer/Xcode/DerivedData/M4-Besigue-eikqqirvrspelwbaehlhymzomkfp/Index.noindex/DataStore -swift-version 5 -I /Users/paulfaustin/Library/Developer/Xcode/DerivedData/M4-Besigue-eikqqirvrspelwbaehlhymzomkfp/Build/Products/Debug-iphonesimulator -F /Users/paulfaustin/Library/Developer/Xcode/DerivedData/M4-Besigue-eikqqirvrspelwbaehlhymzomkfp/Build/Products/Debug-iphonesimulator -emit-localized-strings -emit-localized-strings-path /Users/paulfaustin/Library/Developer/Xcode/DerivedData/M4-Besigue-eikqqirvrspelwbaehlhymzomkfp/Build/Intermediates.noindex/M4-Besigue.build/Debug-iphonesimulator/M4-Besigue.build/Objects-normal/arm64 -c -j8 -enable-batch-mode -incremental -Xcc -ivfsstatcache -Xcc /Users/paulfaustin/Library/Developer/Xcode/DerivedData/SDKStatCaches.noindex/iphonesimulator18.5-22F76-d5fc8ad4295d2ef488fb7d0f804ce0c4.sdkstatcache -output-file-map /Users/paulfaustin/Library/Developer/Xcode/DerivedData/M4-Besigue-eikqqirvrspelwbaehlhymzomkfp/Build/Intermediates.noindex/M4-Besigue.build/Debug-iphonesimulator/M4-Besigue.build/Objects-normal/arm64/M4-Besigue-OutputFileMap.json -use-frontend-parseable-output -save-temps -no-color-diagnostics -serialize-diagnostics -emit-dependencies -emit-module -emit-module-path /Users/paulfaustin/Library/Developer/Xcode/DerivedData/M4-Besigue-eikqqirvrspelwbaehlhymzomkfp/Build/Intermediates.noindex/M4-Besigue.build/Debug-iphonesimulator/M4-Besigue.build/Objects-normal/arm64/M4_Besigue.swiftmodule -validate-clang-modules-once -clang-build-session-file /Users/paulfaustin/Library/Developer/Xcode/DerivedData/ModuleCache.noindex/Session.modulevalidation -Xcc -I/Users/paulfaustin/Library/Developer/Xcode/DerivedData/M4-Besigue-eikqqirvrspelwbaehlhymzomkfp/Build/Intermediates.noindex/M4-Besigue.build/Debug-iphonesimulator/M4-Besigue.build/swift-overrides.hmap -emit-const-values -Xfrontend -const-gather-protocols-file -Xfrontend /Users/paulfaustin/Library/Developer/Xcode/DerivedData/M4-Besigue-eikqqirvrspelwbaehlhymzomkfp/Build/Intermediates.noindex/M4-Besigue.build/Debug-iphonesimulator/M4-Besigue.build/Objects-normal/arm64/M4-Besigue_const_extract_protocols.json -Xcc -iquote -Xcc /Users/paulfaustin/Library/Developer/Xcode/DerivedData/M4-Besigue-eikqqirvrspelwbaehlhymzomkfp/Build/Intermediates.noindex/M4-Besigue.build/Debug-iphonesimulator/M4-Besigue.build/M4-Besigue-generated-files.hmap -Xcc -I/Users/paulfaustin/Library/Developer/Xcode/DerivedData/M4-Besigue-eikqqirvrspelwbaehlhymzomkfp/Build/Intermediates.noindex/M4-Besigue.build/Debug-iphonesimulator/M4-Besigue.build/M4-Besigue-own-target-headers.hmap -Xcc -I/Users/paulfaustin/Library/Developer/Xcode/DerivedData/M4-Besigue-eikqqirvrspelwbaehlhymzomkfp/Build/Intermediates.noindex/M4-Besigue.build/Debug-iphonesimulator/M4-Besigue.build/M4-Besigue-all-target-headers.hmap -Xcc -iquote -Xcc /Users/paulfaustin/Library/Developer/Xcode/DerivedData/M4-Besigue-eikqqirvrspelwbaehlhymzomkfp/Build/Intermediates.noindex/M4-Besigue.build/Debug-iphonesimulator/M4-Besigue.build/M4-Besigue-project-headers.hmap -Xcc -I/Users/paulfaustin/Library/Developer/Xcode/DerivedData/M4-Besigue-eikqqirvrspelwbaehlhymzomkfp/Build/Products/Debug-iphonesimulator/include -Xcc -I/Users/paulfaustin/Library/Developer/Xcode/DerivedData/M4-Besigue-eikqqirvrspelwbaehlhymzomkfp/Build/Intermediates.noindex/M4-Besigue.build/Debug-iphonesimulator/M4-Besigue.build/DerivedSources-normal/arm64 -Xcc -I/Users/paulfaustin/Library/Developer/Xcode/DerivedData/M4-Besigue-eikqqirvrspelwbaehlhymzomkfp/Build/Intermediates.noindex/M4-Besigue.build/Debug-iphonesimulator/M4-Besigue.build/DerivedSources/arm64 -Xcc -I/Users/paulfaustin/Library/Developer/Xcode/DerivedData/M4-Besigue-eikqqirvrspelwbaehlhymzomkfp/Build/Intermediates.noindex/M4-Besigue.build/Debug-iphonesimulator/M4-Besigue.build/DerivedSources -Xcc -DDEBUG\=1 -emit-objc-header -emit-objc-header-path /Users/paulfaustin/Library/Developer/Xcode/DerivedData/M4-Besigue-eikqqirvrspelwbaehlhymzomkfp/Build/Intermediates.noindex/M4-Besigue.build/Debug-iphonesimulator/M4-Besigue.build/Objects-normal/arm64/M4_Besigue-Swift.h -working-directory /Users/paulfaustin/Documents/My\ Docs/My\ Working/M4/M4-Besigue -experimental-emit-module-separately -disable-cmo

Copy /Users/paulfaustin/Library/Developer/Xcode/DerivedData/M4-Besigue-eikqqirvrspelwbaehlhymzomkfp/Build/Products/Debug-iphonesimulator/M4_Besigue.swiftmodule/arm64-apple-ios-simulator.swiftmodule /Users/paulfaustin/Library/Developer/Xcode/DerivedData/M4-Besigue-eikqqirvrspelwbaehlhymzomkfp/Build/Intermediates.noindex/M4-Besigue.build/Debug-iphonesimulator/M4-Besigue.build/Objects-normal/arm64/M4_Besigue.swiftmodule (in target 'M4-Besigue' from project 'M4-Besigue')
    cd /Users/paulfaustin/Documents/My\ Docs/My\ Working/M4/M4-Besigue
    builtin-copy -exclude .DS_Store -exclude CVS -exclude .svn -exclude .git -exclude .hg -resolve-src-symlinks -rename /Users/paulfaustin/Library/Developer/Xcode/DerivedData/M4-Besigue-eikqqirvrspelwbaehlhymzomkfp/Build/Intermediates.noindex/M4-Besigue.build/Debug-iphonesimulator/M4-Besigue.build/Objects-normal/arm64/M4_Besigue.swiftmodule /Users/paulfaustin/Library/Developer/Xcode/DerivedData/M4-Besigue-eikqqirvrspelwbaehlhymzomkfp/Build/Products/Debug-iphonesimulator/M4_Besigue.swiftmodule/arm64-apple-ios-simulator.swiftmodule

Copy /Users/paulfaustin/Library/Developer/Xcode/DerivedData/M4-Besigue-eikqqirvrspelwbaehlhymzomkfp/Build/Products/Debug-iphonesimulator/M4_Besigue.swiftmodule/arm64-apple-ios-simulator.swiftdoc /Users/paulfaustin/Library/Developer/Xcode/DerivedData/M4-Besigue-eikqqirvrspelwbaehlhymzomkfp/Build/Intermediates.noindex/M4-Besigue.build/Debug-iphonesimulator/M4-Besigue.build/Objects-normal/arm64/M4_Besigue.swiftdoc (in target 'M4-Besigue' from project 'M4-Besigue')
    cd /Users/paulfaustin/Documents/My\ Docs/My\ Working/M4/M4-Besigue
    builtin-copy -exclude .DS_Store -exclude CVS -exclude .svn -exclude .git -exclude .hg -resolve-src-symlinks -rename /Users/paulfaustin/Library/Developer/Xcode/DerivedData/M4-Besigue-eikqqirvrspelwbaehlhymzomkfp/Build/Intermediates.noindex/M4-Besigue.build/Debug-iphonesimulator/M4-Besigue.build/Objects-normal/arm64/M4_Besigue.swiftdoc /Users/paulfaustin/Library/Developer/Xcode/DerivedData/M4-Besigue-eikqqirvrspelwbaehlhymzomkfp/Build/Products/Debug-iphonesimulator/M4_Besigue.swiftmodule/arm64-apple-ios-simulator.swiftdoc

Copy /Users/paulfaustin/Library/Developer/Xcode/DerivedData/M4-Besigue-eikqqirvrspelwbaehlhymzomkfp/Build/Products/Debug-iphonesimulator/M4_Besigue.swiftmodule/arm64-apple-ios-simulator.abi.json /Users/paulfaustin/Library/Developer/Xcode/DerivedData/M4-Besigue-eikqqirvrspelwbaehlhymzomkfp/Build/Intermediates.noindex/M4-Besigue.build/Debug-iphonesimulator/M4-Besigue.build/Objects-normal/arm64/M4_Besigue.abi.json (in target 'M4-Besigue' from project 'M4-Besigue')
    cd /Users/paulfaustin/Documents/My\ Docs/My\ Working/M4/M4-Besigue
    builtin-copy -exclude .DS_Store -exclude CVS -exclude .svn -exclude .git -exclude .hg -resolve-src-symlinks -rename /Users/paulfaustin/Library/Developer/Xcode/DerivedData/M4-Besigue-eikqqirvrspelwbaehlhymzomkfp/Build/Intermediates.noindex/M4-Besigue.build/Debug-iphonesimulator/M4-Besigue.build/Objects-normal/arm64/M4_Besigue.abi.json /Users/paulfaustin/Library/Developer/Xcode/DerivedData/M4-Besigue-eikqqirvrspelwbaehlhymzomkfp/Build/Products/Debug-iphonesimulator/M4_Besigue.swiftmodule/arm64-apple-ios-simulator.abi.json

Copy /Users/paulfaustin/Library/Developer/Xcode/DerivedData/M4-Besigue-eikqqirvrspelwbaehlhymzomkfp/Build/Products/Debug-iphonesimulator/M4_Besigue.swiftmodule/Project/arm64-apple-ios-simulator.swiftsourceinfo /Users/paulfaustin/Library/Developer/Xcode/DerivedData/M4-Besigue-eikqqirvrspelwbaehlhymzomkfp/Build/Intermediates.noindex/M4-Besigue.build/Debug-iphonesimulator/M4-Besigue.build/Objects-normal/arm64/M4_Besigue.swiftsourceinfo (in target 'M4-Besigue' from project 'M4-Besigue')
    cd /Users/paulfaustin/Documents/My\ Docs/My\ Working/M4/M4-Besigue
    builtin-copy -exclude .DS_Store -exclude CVS -exclude .svn -exclude .git -exclude .hg -resolve-src-symlinks -rename /Users/paulfaustin/Library/Developer/Xcode/DerivedData/M4-Besigue-eikqqirvrspelwbaehlhymzomkfp/Build/Intermediates.noindex/M4-Besigue.build/Debug-iphonesimulator/M4-Besigue.build/Objects-normal/arm64/M4_Besigue.swiftsourceinfo /Users/paulfaustin/Library/Developer/Xcode/DerivedData/M4-Besigue-eikqqirvrspelwbaehlhymzomkfp/Build/Products/Debug-iphonesimulator/M4_Besigue.swiftmodule/Project/arm64-apple-ios-simulator.swiftsourceinfo

SwiftDriverJobDiscovery normal arm64 Compiling GameRules.swift (in target 'M4-Besigue' from project 'M4-Besigue')

SwiftCompile normal arm64 Compiling\ Deck.swift,\ GameBoardView2.swift,\ NetworkService.swift,\ NetworkGame.swift /Users/paulfaustin/Documents/My\ Docs/My\ Working/M4/M4-Besigue/M4-Besigue/Models/Deck.swift /Users/paulfaustin/Documents/My\ Docs/My\ Working/M4/M4-Besigue/M4-Besigue/Views/GameBoard2/GameBoardView2.swift /Users/paulfaustin/Documents/My\ Docs/My\ Working/M4/M4-Besigue/M4-Besigue/Services/NetworkService.swift /Users/paulfaustin/Documents/My\ Docs/My\ Working/M4/M4-Besigue/M4-Besigue/Models/NetworkGame.swift (in target 'M4-Besigue' from project 'M4-Besigue')
SwiftCompile normal arm64 /Users/paulfaustin/Documents/My\ Docs/My\ Working/M4/M4-Besigue/M4-Besigue/Models/Deck.swift (in target 'M4-Besigue' from project 'M4-Besigue')
    cd /Users/paulfaustin/Documents/My\ Docs/My\ Working/M4/M4-Besigue
    

SwiftCompile normal arm64 /Users/paulfaustin/Documents/My\ Docs/My\ Working/M4/M4-Besigue/M4-Besigue/Views/GameBoard2/GameBoardView2.swift (in target 'M4-Besigue' from project 'M4-Besigue')
    cd /Users/paulfaustin/Documents/My\ Docs/My\ Working/M4/M4-Besigue
    

SwiftCompile normal arm64 /Users/paulfaustin/Documents/My\ Docs/My\ Working/M4/M4-Besigue/M4-Besigue/Services/NetworkService.swift (in target 'M4-Besigue' from project 'M4-Besigue')
    cd /Users/paulfaustin/Documents/My\ Docs/My\ Working/M4/M4-Besigue
    
/Users/paulfaustin/Documents/My Docs/My Working/M4/M4-Besigue/M4-Besigue/Services/NetworkService.swift:191:45: warning: cast from 'MessageData?' to unrelated type 'PlayerConnection' always fails
        guard let playerData = message.data as? PlayerConnection else { return }
                               ~~~~~~~~~~~~ ^   ~~~~~~~~~~~~~~~~
/Users/paulfaustin/Documents/My Docs/My Working/M4/M4-Besigue/M4-Besigue/Services/NetworkService.swift:200:43: warning: cast from 'MessageData?' to unrelated type 'UUID' always fails
        guard let playerId = message.data as? UUID else { return }
                             ~~~~~~~~~~~~ ^   ~~~~
/Users/paulfaustin/Documents/My Docs/My Working/M4/M4-Besigue/M4-Besigue/Services/NetworkService.swift:231:41: warning: cast from 'MessageData?' to unrelated type 'NetworkError' always fails
        if let errorData = message.data as? NetworkError {
                           ~~~~~~~~~~~~ ^   ~~~~~~~~~~~~

SwiftCompile normal arm64 /Users/paulfaustin/Documents/My\ Docs/My\ Working/M4/M4-Besigue/M4-Besigue/Models/NetworkGame.swift (in target 'M4-Besigue' from project 'M4-Besigue')
    cd /Users/paulfaustin/Documents/My\ Docs/My\ Working/M4/M4-Besigue
    
/Users/paulfaustin/Documents/My Docs/My Working/M4/M4-Besigue/M4-Besigue/Models/NetworkGame.swift:220:42: warning: cast from 'Data?' to unrelated type 'CardData' always fails
        guard let cardData = action.data as? CardData,
                             ~~~~~~~~~~~ ^   ~~~~~~~~
/Users/paulfaustin/Documents/My Docs/My Working/M4/M4-Besigue/M4-Besigue/Models/NetworkGame.swift:243:42: warning: cast from 'Data?' to unrelated type 'MeldActionData' always fails
        guard let meldData = action.data as? MeldActionData,
                             ~~~~~~~~~~~ ^   ~~~~~~~~~~~~~~

SwiftCompile normal arm64 Compiling\ AudioManager.swift,\ GameBoardCenterSection.swift,\ HandZoneView.swift,\ GameBoardBottomSection.swift /Users/paulfaustin/Documents/My\ Docs/My\ Working/M4/M4-Besigue/M4-Besigue/Services/AudioManager.swift /Users/paulfaustin/Documents/My\ Docs/My\ Working/M4/M4-Besigue/M4-Besigue/Views/GameBoard2/Components/GameBoardCenterSection.swift /Users/paulfaustin/Documents/My\ Docs/My\ Working/M4/M4-Besigue/M4-Besigue/Views/HandZoneView.swift /Users/paulfaustin/Documents/My\ Docs/My\ Working/M4/M4-Besigue/M4-Besigue/Views/GameBoard2/Components/GameBoardBottomSection.swift (in target 'M4-Besigue' from project 'M4-Besigue')
SwiftCompile normal arm64 /Users/paulfaustin/Documents/My\ Docs/My\ Working/M4/M4-Besigue/M4-Besigue/Services/AudioManager.swift (in target 'M4-Besigue' from project 'M4-Besigue')
    cd /Users/paulfaustin/Documents/My\ Docs/My\ Working/M4/M4-Besigue
    

SwiftCompile normal arm64 /Users/paulfaustin/Documents/My\ Docs/My\ Working/M4/M4-Besigue/M4-Besigue/Views/GameBoard2/Components/GameBoardCenterSection.swift (in target 'M4-Besigue' from project 'M4-Besigue')
    cd /Users/paulfaustin/Documents/My\ Docs/My\ Working/M4/M4-Besigue
    

SwiftCompile normal arm64 /Users/paulfaustin/Documents/My\ Docs/My\ Working/M4/M4-Besigue/M4-Besigue/Views/HandZoneView.swift (in target 'M4-Besigue' from project 'M4-Besigue')
    cd /Users/paulfaustin/Documents/My\ Docs/My\ Working/M4/M4-Besigue
    

SwiftCompile normal arm64 /Users/paulfaustin/Documents/My\ Docs/My\ Working/M4/M4-Besigue/M4-Besigue/Views/GameBoard2/Components/GameBoardBottomSection.swift (in target 'M4-Besigue' from project 'M4-Besigue')
    cd /Users/paulfaustin/Documents/My\ Docs/My\ Working/M4/M4-Besigue
    

SwiftCompile normal arm64 Compiling\ NetworkMessage.swift,\ GameBoardViewState2.swift,\ GameBoardContentView.swift,\ CardView.swift /Users/paulfaustin/Documents/My\ Docs/My\ Working/M4/M4-Besigue/M4-Besigue/Models/NetworkMessage.swift /Users/paulfaustin/Documents/My\ Docs/My\ Working/M4/M4-Besigue/M4-Besigue/Views/GameBoard2/GameBoardViewState2.swift /Users/paulfaustin/Documents/My\ Docs/My\ Working/M4/M4-Besigue/M4-Besigue/Views/GameBoard2/Components/GameBoardContentView.swift /Users/paulfaustin/Documents/My\ Docs/My\ Working/M4/M4-Besigue/M4-Besigue/Views/CardView.swift (in target 'M4-Besigue' from project 'M4-Besigue')
SwiftCompile normal arm64 /Users/paulfaustin/Documents/My\ Docs/My\ Working/M4/M4-Besigue/M4-Besigue/Models/NetworkMessage.swift (in target 'M4-Besigue' from project 'M4-Besigue')
    cd /Users/paulfaustin/Documents/My\ Docs/My\ Working/M4/M4-Besigue
    

SwiftCompile normal arm64 /Users/paulfaustin/Documents/My\ Docs/My\ Working/M4/M4-Besigue/M4-Besigue/Views/GameBoard2/GameBoardViewState2.swift (in target 'M4-Besigue' from project 'M4-Besigue')
    cd /Users/paulfaustin/Documents/My\ Docs/My\ Working/M4/M4-Besigue
    

SwiftCompile normal arm64 /Users/paulfaustin/Documents/My\ Docs/My\ Working/M4/M4-Besigue/M4-Besigue/Views/GameBoard2/Components/GameBoardContentView.swift (in target 'M4-Besigue' from project 'M4-Besigue')
    cd /Users/paulfaustin/Documents/My\ Docs/My\ Working/M4/M4-Besigue
    

SwiftCompile normal arm64 /Users/paulfaustin/Documents/My\ Docs/My\ Working/M4/M4-Besigue/M4-Besigue/Views/CardView.swift (in target 'M4-Besigue' from project 'M4-Besigue')
    cd /Users/paulfaustin/Documents/My\ Docs/My\ Working/M4/M4-Besigue
    

SwiftCompile normal arm64 Compiling\ GameBoardViewState.swift,\ GamePlayerComponents.swift,\ AIService.swift,\ MeldOptionsView2.swift /Users/paulfaustin/Documents/My\ Docs/My\ Working/M4/M4-Besigue/M4-Besigue/Views/GameBoardViewState.swift /Users/paulfaustin/Documents/My\ Docs/My\ Working/M4/M4-Besigue/M4-Besigue/Views/GameBoard2/Components/GamePlayerComponents.swift /Users/paulfaustin/Documents/My\ Docs/My\ Working/M4/M4-Besigue/M4-Besigue/Services/AIService.swift /Users/paulfaustin/Documents/My\ Docs/My\ Working/M4/M4-Besigue/M4-Besigue/Views/GameBoard2/UI/MeldOptionsView2.swift (in target 'M4-Besigue' from project 'M4-Besigue')

SwiftCompile normal arm64 /Users/paulfaustin/Documents/My\ Docs/My\ Working/M4/M4-Besigue/M4-Besigue/Views/GameBoardViewState.swift (in target 'M4-Besigue' from project 'M4-Besigue')
    cd /Users/paulfaustin/Documents/My\ Docs/My\ Working/M4/M4-Besigue
    

SwiftCompile normal arm64 /Users/paulfaustin/Documents/My\ Docs/My\ Working/M4/M4-Besigue/M4-Besigue/Views/GameBoard2/Components/GamePlayerComponents.swift (in target 'M4-Besigue' from project 'M4-Besigue')
    cd /Users/paulfaustin/Documents/My\ Docs/My\ Working/M4/M4-Besigue
    

SwiftCompile normal arm64 /Users/paulfaustin/Documents/My\ Docs/My\ Working/M4/M4-Besigue/M4-Besigue/Services/AIService.swift (in target 'M4-Besigue' from project 'M4-Besigue')
    cd /Users/paulfaustin/Documents/My\ Docs/My\ Working/M4/M4-Besigue
    
/Users/paulfaustin/Documents/My Docs/My Working/M4/M4-Besigue/M4-Besigue/Services/AIService.swift:679:13: warning: initialization of immutable value 'expected' was never used; consider replacing with assignment to '_' or removing it
        let expected = Double(matchingUnaccounted.count) * Double(D) / Double(totalUnknown)
        ~~~~^~~~~~~~
        _
/Users/paulfaustin/Documents/My Docs/My Working/M4/M4-Besigue/M4-Besigue/Services/AIService.swift:709:13: warning: initialization of immutable value 'N' was never used; consider replacing with assignment to '_' or removing it
        let N = allPlayers.count
        ~~~~^
        _

SwiftCompile normal arm64 /Users/paulfaustin/Documents/My\ Docs/My\ Working/M4/M4-Besigue/M4-Besigue/Views/GameBoard2/UI/MeldOptionsView2.swift (in target 'M4-Besigue' from project 'M4-Besigue')
    cd /Users/paulfaustin/Documents/My\ Docs/My\ Working/M4/M4-Besigue
    

SwiftCompile normal arm64 Compiling\ GamePlayerHandView.swift,\ Settings.swift,\ GamePlayersLayoutView.swift,\ MultiplayerLobbyView.swift,\ Card.swift /Users/paulfaustin/Documents/My\ Docs/My\ Working/M4/M4-Besigue/M4-Besigue/Views/GameBoard2/Components/GamePlayerHandView.swift /Users/paulfaustin/Documents/My\ Docs/My\ Working/M4/M4-Besigue/M4-Besigue/Models/Settings.swift /Users/paulfaustin/Documents/My\ Docs/My\ Working/M4/M4-Besigue/M4-Besigue/Views/GameBoard2/Components/GamePlayersLayoutView.swift /Users/paulfaustin/Documents/My\ Docs/My\ Working/M4/M4-Besigue/M4-Besigue/Views/MultiplayerLobbyView.swift /Users/paulfaustin/Documents/My\ Docs/My\ Working/M4/M4-Besigue/M4-Besigue/Models/Card.swift (in target 'M4-Besigue' from project 'M4-Besigue')

SwiftCompile normal arm64 /Users/paulfaustin/Documents/My\ Docs/My\ Working/M4/M4-Besigue/M4-Besigue/Views/GameBoard2/Components/GamePlayerHandView.swift (in target 'M4-Besigue' from project 'M4-Besigue')
    cd /Users/paulfaustin/Documents/My\ Docs/My\ Working/M4/M4-Besigue
    

SwiftCompile normal arm64 /Users/paulfaustin/Documents/My\ Docs/My\ Working/M4/M4-Besigue/M4-Besigue/Models/Settings.swift (in target 'M4-Besigue' from project 'M4-Besigue')
    cd /Users/paulfaustin/Documents/My\ Docs/My\ Working/M4/M4-Besigue
    

SwiftCompile normal arm64 /Users/paulfaustin/Documents/My\ Docs/My\ Working/M4/M4-Besigue/M4-Besigue/Views/GameBoard2/Components/GamePlayersLayoutView.swift (in target 'M4-Besigue' from project 'M4-Besigue')
    cd /Users/paulfaustin/Documents/My\ Docs/My\ Working/M4/M4-Besigue
    

SwiftCompile normal arm64 /Users/paulfaustin/Documents/My\ Docs/My\ Working/M4/M4-Besigue/M4-Besigue/Views/MultiplayerLobbyView.swift (in target 'M4-Besigue' from project 'M4-Besigue')
    cd /Users/paulfaustin/Documents/My\ Docs/My\ Working/M4/M4-Besigue
    
/Users/paulfaustin/Documents/My Docs/My Working/M4/M4-Besigue/M4-Besigue/Views/MultiplayerLobbyView.swift:289:33: warning: result of call to 'joinGame' is unused
                    gameSession.joinGame(game)
                                ^       ~~~~~~

SwiftCompile normal arm64 /Users/paulfaustin/Documents/My\ Docs/My\ Working/M4/M4-Besigue/M4-Besigue/Models/Card.swift (in target 'M4-Besigue' from project 'M4-Besigue')
    cd /Users/paulfaustin/Documents/My\ Docs/My\ Working/M4/M4-Besigue
    

SwiftCompile normal arm64 Compiling\ GameSettings.swift,\ GameBoardTopSection.swift,\ GameScoreboardView2.swift,\ FloatingDrawPileView.swift /Users/paulfaustin/Documents/My\ Docs/My\ Working/M4/M4-Besigue/M4-Besigue/Models/GameSettings.swift /Users/paulfaustin/Documents/My\ Docs/My\ Working/M4/M4-Besigue/M4-Besigue/Views/GameBoard2/Components/GameBoardTopSection.swift /Users/paulfaustin/Documents/My\ Docs/My\ Working/M4/M4-Besigue/M4-Besigue/Views/GameBoard2/Components/GameScoreboardView2.swift /Users/paulfaustin/Documents/My\ Docs/My\ Working/M4/M4-Besigue/M4-Besigue/Views/GameBoard2/Components/FloatingDrawPileView.swift (in target 'M4-Besigue' from project 'M4-Besigue')
SwiftCompile normal arm64 /Users/paulfaustin/Documents/My\ Docs/My\ Working/M4/M4-Besigue/M4-Besigue/Models/GameSettings.swift (in target 'M4-Besigue' from project 'M4-Besigue')
    cd /Users/paulfaustin/Documents/My\ Docs/My\ Working/M4/M4-Besigue
    

SwiftCompile normal arm64 /Users/paulfaustin/Documents/My\ Docs/My\ Working/M4/M4-Besigue/M4-Besigue/Views/GameBoard2/Components/GameBoardTopSection.swift (in target 'M4-Besigue' from project 'M4-Besigue')
    cd /Users/paulfaustin/Documents/My\ Docs/My\ Working/M4/M4-Besigue
    

SwiftCompile normal arm64 /Users/paulfaustin/Documents/My\ Docs/My\ Working/M4/M4-Besigue/M4-Besigue/Views/GameBoard2/Components/GameScoreboardView2.swift (in target 'M4-Besigue' from project 'M4-Besigue')
    cd /Users/paulfaustin/Documents/My\ Docs/My\ Working/M4/M4-Besigue
    

SwiftCompile normal arm64 /Users/paulfaustin/Documents/My\ Docs/My\ Working/M4/M4-Besigue/M4-Besigue/Views/GameBoard2/Components/FloatingDrawPileView.swift (in target 'M4-Besigue' from project 'M4-Besigue')
    cd /Users/paulfaustin/Documents/My\ Docs/My\ Working/M4/M4-Besigue
    

SwiftDriverJobDiscovery normal arm64 Compiling GameSettingsView.swift (in target 'M4-Besigue' from project 'M4-Besigue')

SwiftCompile normal arm64 Compiling\ ContentView.swift,\ GameSession.swift,\ GameRootView.swift,\ TestTableLayoutView.swift /Users/paulfaustin/Documents/My\ Docs/My\ Working/M4/M4-Besigue/M4-Besigue/ContentView.swift /Users/paulfaustin/Documents/My\ Docs/My\ Working/M4/M4-Besigue/M4-Besigue/Services/GameSession.swift /Users/paulfaustin/Documents/My\ Docs/My\ Working/M4/M4-Besigue/M4-Besigue/Views/GameRootView.swift /Users/paulfaustin/Documents/My\ Docs/My\ Working/M4/M4-Besigue/M4-Besigue/Views/TestTableLayoutView.swift (in target 'M4-Besigue' from project 'M4-Besigue')
SwiftCompile normal arm64 /Users/paulfaustin/Documents/My\ Docs/My\ Working/M4/M4-Besigue/M4-Besigue/ContentView.swift (in target 'M4-Besigue' from project 'M4-Besigue')
    cd /Users/paulfaustin/Documents/My\ Docs/My\ Working/M4/M4-Besigue
    

SwiftCompile normal arm64 /Users/paulfaustin/Documents/My\ Docs/My\ Working/M4/M4-Besigue/M4-Besigue/Services/GameSession.swift (in target 'M4-Besigue' from project 'M4-Besigue')
    cd /Users/paulfaustin/Documents/My\ Docs/My\ Working/M4/M4-Besigue
    
/Users/paulfaustin/Documents/My Docs/My Working/M4/M4-Besigue/M4-Besigue/Services/GameSession.swift:154:13: warning: initialization of immutable value 'cardData' was never used; consider replacing with assignment to '_' or removing it
        let cardData = CardData(
        ~~~~^~~~~~~~
        _

SwiftCompile normal arm64 /Users/paulfaustin/Documents/My\ Docs/My\ Working/M4/M4-Besigue/M4-Besigue/Views/GameRootView.swift (in target 'M4-Besigue' from project 'M4-Besigue')
    cd /Users/paulfaustin/Documents/My\ Docs/My\ Working/M4/M4-Besigue
    

SwiftCompile normal arm64 /Users/paulfaustin/Documents/My\ Docs/My\ Working/M4/M4-Besigue/M4-Besigue/Views/TestTableLayoutView.swift (in target 'M4-Besigue' from project 'M4-Besigue')
    cd /Users/paulfaustin/Documents/My\ Docs/My\ Working/M4/M4-Besigue
    

SwiftDriverJobDiscovery normal arm64 Compiling Game.swift (in target 'M4-Besigue' from project 'M4-Besigue')

SwiftCompile normal arm64 Compiling\ Player.swift,\ PlayerTable.swift,\ BadgeLegendView2.swift,\ SettingsView.swift /Users/paulfaustin/Documents/My\ Docs/My\ Working/M4/M4-Besigue/M4-Besigue/Models/Player.swift /Users/paulfaustin/Documents/My\ Docs/My\ Working/M4/M4-Besigue/M4-Besigue/Views/GameBoard2/Components/PlayerTable.swift /Users/paulfaustin/Documents/My\ Docs/My\ Working/M4/M4-Besigue/M4-Besigue/Views/GameBoard2/UI/BadgeLegendView2.swift /Users/paulfaustin/Documents/My\ Docs/My\ Working/M4/M4-Besigue/M4-Besigue/Views/SettingsView.swift (in target 'M4-Besigue' from project 'M4-Besigue')

SwiftCompile normal arm64 /Users/paulfaustin/Documents/My\ Docs/My\ Working/M4/M4-Besigue/M4-Besigue/Models/Player.swift (in target 'M4-Besigue' from project 'M4-Besigue')
    cd /Users/paulfaustin/Documents/My\ Docs/My\ Working/M4/M4-Besigue
    

SwiftCompile normal arm64 /Users/paulfaustin/Documents/My\ Docs/My\ Working/M4/M4-Besigue/M4-Besigue/Views/GameBoard2/Components/PlayerTable.swift (in target 'M4-Besigue' from project 'M4-Besigue')
    cd /Users/paulfaustin/Documents/My\ Docs/My\ Working/M4/M4-Besigue
    

SwiftCompile normal arm64 /Users/paulfaustin/Documents/My\ Docs/My\ Working/M4/M4-Besigue/M4-Besigue/Views/GameBoard2/UI/BadgeLegendView2.swift (in target 'M4-Besigue' from project 'M4-Besigue')
    cd /Users/paulfaustin/Documents/My\ Docs/My\ Working/M4/M4-Besigue
    

SwiftCompile normal arm64 /Users/paulfaustin/Documents/My\ Docs/My\ Working/M4/M4-Besigue/M4-Besigue/Views/SettingsView.swift (in target 'M4-Besigue' from project 'M4-Besigue')
    cd /Users/paulfaustin/Documents/My\ Docs/My\ Working/M4/M4-Besigue
    

SwiftDriverJobDiscovery normal arm64 Compiling HomePageView.swift (in target 'M4-Besigue' from project 'M4-Besigue')

SwiftDriverJobDiscovery normal arm64 Compiling Deck.swift, GameBoardView2.swift, NetworkService.swift, NetworkGame.swift (in target 'M4-Besigue' from project 'M4-Besigue')

SwiftDriverJobDiscovery normal arm64 Compiling AudioManager.swift, GameBoardCenterSection.swift, HandZoneView.swift, GameBoardBottomSection.swift (in target 'M4-Besigue' from project 'M4-Besigue')

SwiftDriverJobDiscovery normal arm64 Compiling GamePlayerHandView.swift, Settings.swift, GamePlayersLayoutView.swift, MultiplayerLobbyView.swift, Card.swift (in target 'M4-Besigue' from project 'M4-Besigue')

SwiftDriverJobDiscovery normal arm64 Compiling GameBoardViewState.swift, GamePlayerComponents.swift, AIService.swift, MeldOptionsView2.swift (in target 'M4-Besigue' from project 'M4-Besigue')

SwiftDriverJobDiscovery normal arm64 Compiling NetworkMessage.swift, GameBoardViewState2.swift, GameBoardContentView.swift, CardView.swift (in target 'M4-Besigue' from project 'M4-Besigue')

SwiftDriverJobDiscovery normal arm64 Compiling Player.swift, PlayerTable.swift, BadgeLegendView2.swift, SettingsView.swift (in target 'M4-Besigue' from project 'M4-Besigue')

SwiftDriverJobDiscovery normal arm64 Compiling GameSettings.swift, GameBoardTopSection.swift, GameScoreboardView2.swift, FloatingDrawPileView.swift (in target 'M4-Besigue' from project 'M4-Besigue')

SwiftDriverJobDiscovery normal arm64 Compiling ContentView.swift, GameSession.swift, GameRootView.swift, TestTableLayoutView.swift (in target 'M4-Besigue' from project 'M4-Besigue')

SwiftDriver\ Compilation M4-Besigue normal arm64 com.apple.xcode.tools.swift.compiler (in target 'M4-Besigue' from project 'M4-Besigue')
    cd /Users/paulfaustin/Documents/My\ Docs/My\ Working/M4/M4-Besigue
    builtin-Swift-Compilation -- /Applications/Xcode.app/Contents/Developer/Toolchains/XcodeDefault.xctoolchain/usr/bin/swiftc -module-name M4_Besigue -Onone -enforce-exclusivity\=checked @/Users/paulfaustin/Library/Developer/Xcode/DerivedData/M4-Besigue-eikqqirvrspelwbaehlhymzomkfp/Build/Intermediates.noindex/M4-Besigue.build/Debug-iphonesimulator/M4-Besigue.build/Objects-normal/arm64/M4-Besigue.SwiftFileList -DDEBUG -enable-bare-slash-regex -enable-experimental-feature DebugDescriptionMacro -sdk /Applications/Xcode.app/Contents/Developer/Platforms/iPhoneSimulator.platform/Developer/SDKs/iPhoneSimulator18.5.sdk -target arm64-apple-ios18.5-simulator -g -module-cache-path /Users/paulfaustin/Library/Developer/Xcode/DerivedData/ModuleCache.noindex -Xfrontend -serialize-debugging-options -profile-coverage-mapping -profile-generate -enable-testing -index-store-path /Users/paulfaustin/Library/Developer/Xcode/DerivedData/M4-Besigue-eikqqirvrspelwbaehlhymzomkfp/Index.noindex/DataStore -swift-version 5 -I /Users/paulfaustin/Library/Developer/Xcode/DerivedData/M4-Besigue-eikqqirvrspelwbaehlhymzomkfp/Build/Products/Debug-iphonesimulator -F /Users/paulfaustin/Library/Developer/Xcode/DerivedData/M4-Besigue-eikqqirvrspelwbaehlhymzomkfp/Build/Products/Debug-iphonesimulator -emit-localized-strings -emit-localized-strings-path /Users/paulfaustin/Library/Developer/Xcode/DerivedData/M4-Besigue-eikqqirvrspelwbaehlhymzomkfp/Build/Intermediates.noindex/M4-Besigue.build/Debug-iphonesimulator/M4-Besigue.build/Objects-normal/arm64 -c -j8 -enable-batch-mode -incremental -Xcc -ivfsstatcache -Xcc /Users/paulfaustin/Library/Developer/Xcode/DerivedData/SDKStatCaches.noindex/iphonesimulator18.5-22F76-d5fc8ad4295d2ef488fb7d0f804ce0c4.sdkstatcache -output-file-map /Users/paulfaustin/Library/Developer/Xcode/DerivedData/M4-Besigue-eikqqirvrspelwbaehlhymzomkfp/Build/Intermediates.noindex/M4-Besigue.build/Debug-iphonesimulator/M4-Besigue.build/Objects-normal/arm64/M4-Besigue-OutputFileMap.json -use-frontend-parseable-output -save-temps -no-color-diagnostics -serialize-diagnostics -emit-dependencies -emit-module -emit-module-path /Users/paulfaustin/Library/Developer/Xcode/DerivedData/M4-Besigue-eikqqirvrspelwbaehlhymzomkfp/Build/Intermediates.noindex/M4-Besigue.build/Debug-iphonesimulator/M4-Besigue.build/Objects-normal/arm64/M4_Besigue.swiftmodule -validate-clang-modules-once -clang-build-session-file /Users/paulfaustin/Library/Developer/Xcode/DerivedData/ModuleCache.noindex/Session.modulevalidation -Xcc -I/Users/paulfaustin/Library/Developer/Xcode/DerivedData/M4-Besigue-eikqqirvrspelwbaehlhymzomkfp/Build/Intermediates.noindex/M4-Besigue.build/Debug-iphonesimulator/M4-Besigue.build/swift-overrides.hmap -emit-const-values -Xfrontend -const-gather-protocols-file -Xfrontend /Users/paulfaustin/Library/Developer/Xcode/DerivedData/M4-Besigue-eikqqirvrspelwbaehlhymzomkfp/Build/Intermediates.noindex/M4-Besigue.build/Debug-iphonesimulator/M4-Besigue.build/Objects-normal/arm64/M4-Besigue_const_extract_protocols.json -Xcc -iquote -Xcc /Users/paulfaustin/Library/Developer/Xcode/DerivedData/M4-Besigue-eikqqirvrspelwbaehlhymzomkfp/Build/Intermediates.noindex/M4-Besigue.build/Debug-iphonesimulator/M4-Besigue.build/M4-Besigue-generated-files.hmap -Xcc -I/Users/paulfaustin/Library/Developer/Xcode/DerivedData/M4-Besigue-eikqqirvrspelwbaehlhymzomkfp/Build/Intermediates.noindex/M4-Besigue.build/Debug-iphonesimulator/M4-Besigue.build/M4-Besigue-own-target-headers.hmap -Xcc -I/Users/paulfaustin/Library/Developer/Xcode/DerivedData/M4-Besigue-eikqqirvrspelwbaehlhymzomkfp/Build/Intermediates.noindex/M4-Besigue.build/Debug-iphonesimulator/M4-Besigue.build/M4-Besigue-all-target-headers.hmap -Xcc -iquote -Xcc /Users/paulfaustin/Library/Developer/Xcode/DerivedData/M4-Besigue-eikqqirvrspelwbaehlhymzomkfp/Build/Intermediates.noindex/M4-Besigue.build/Debug-iphonesimulator/M4-Besigue.build/M4-Besigue-project-headers.hmap -Xcc -I/Users/paulfaustin/Library/Developer/Xcode/DerivedData/M4-Besigue-eikqqirvrspelwbaehlhymzomkfp/Build/Products/Debug-iphonesimulator/include -Xcc -I/Users/paulfaustin/Library/Developer/Xcode/DerivedData/M4-Besigue-eikqqirvrspelwbaehlhymzomkfp/Build/Intermediates.noindex/M4-Besigue.build/Debug-iphonesimulator/M4-Besigue.build/DerivedSources-normal/arm64 -Xcc -I/Users/paulfaustin/Library/Developer/Xcode/DerivedData/M4-Besigue-eikqqirvrspelwbaehlhymzomkfp/Build/Intermediates.noindex/M4-Besigue.build/Debug-iphonesimulator/M4-Besigue.build/DerivedSources/arm64 -Xcc -I/Users/paulfaustin/Library/Developer/Xcode/DerivedData/M4-Besigue-eikqqirvrspelwbaehlhymzomkfp/Build/Intermediates.noindex/M4-Besigue.build/Debug-iphonesimulator/M4-Besigue.build/DerivedSources -Xcc -DDEBUG\=1 -emit-objc-header -emit-objc-header-path /Users/paulfaustin/Library/Developer/Xcode/DerivedData/M4-Besigue-eikqqirvrspelwbaehlhymzomkfp/Build/Intermediates.noindex/M4-Besigue.build/Debug-iphonesimulator/M4-Besigue.build/Objects-normal/arm64/M4_Besigue-Swift.h -working-directory /Users/paulfaustin/Documents/My\ Docs/My\ Working/M4/M4-Besigue -experimental-emit-module-separately -disable-cmo

Ld /Users/paulfaustin/Library/Developer/Xcode/DerivedData/M4-Besigue-eikqqirvrspelwbaehlhymzomkfp/Build/Products/Debug-iphonesimulator/M4-Besigue.app/M4-Besigue.debug.dylib normal (in target 'M4-Besigue' from project 'M4-Besigue')
    cd /Users/paulfaustin/Documents/My\ Docs/My\ Working/M4/M4-Besigue
    /Applications/Xcode.app/Contents/Developer/Toolchains/XcodeDefault.xctoolchain/usr/bin/clang -Xlinker -reproducible -target arm64-apple-ios18.5-simulator -dynamiclib -isysroot /Applications/Xcode.app/Contents/Developer/Platforms/iPhoneSimulator.platform/Developer/SDKs/iPhoneSimulator18.5.sdk -O0 -L/Users/paulfaustin/Library/Developer/Xcode/DerivedData/M4-Besigue-eikqqirvrspelwbaehlhymzomkfp/Build/Intermediates.noindex/EagerLinkingTBDs/Debug-iphonesimulator -L/Users/paulfaustin/Library/Developer/Xcode/DerivedData/M4-Besigue-eikqqirvrspelwbaehlhymzomkfp/Build/Products/Debug-iphonesimulator -F/Users/paulfaustin/Library/Developer/Xcode/DerivedData/M4-Besigue-eikqqirvrspelwbaehlhymzomkfp/Build/Intermediates.noindex/EagerLinkingTBDs/Debug-iphonesimulator -F/Users/paulfaustin/Library/Developer/Xcode/DerivedData/M4-Besigue-eikqqirvrspelwbaehlhymzomkfp/Build/Products/Debug-iphonesimulator -filelist /Users/paulfaustin/Library/Developer/Xcode/DerivedData/M4-Besigue-eikqqirvrspelwbaehlhymzomkfp/Build/Intermediates.noindex/M4-Besigue.build/Debug-iphonesimulator/M4-Besigue.build/Objects-normal/arm64/M4-Besigue.LinkFileList -install_name @rpath/M4-Besigue.debug.dylib -Xlinker -rpath -Xlinker @executable_path/Frameworks -dead_strip -Xlinker -object_path_lto -Xlinker /Users/paulfaustin/Library/Developer/Xcode/DerivedData/M4-Besigue-eikqqirvrspelwbaehlhymzomkfp/Build/Intermediates.noindex/M4-Besigue.build/Debug-iphonesimulator/M4-Besigue.build/Objects-normal/arm64/M4-Besigue_lto.o -rdynamic -Xlinker -no_deduplicate -Xlinker -objc_abi_version -Xlinker 2 -Xlinker -debug_variant -Xlinker -dependency_info -Xlinker /Users/paulfaustin/Library/Developer/Xcode/DerivedData/M4-Besigue-eikqqirvrspelwbaehlhymzomkfp/Build/Intermediates.noindex/M4-Besigue.build/Debug-iphonesimulator/M4-Besigue.build/Objects-normal/arm64/M4-Besigue_dependency_info.dat -fobjc-link-runtime -fprofile-instr-generate -L/Applications/Xcode.app/Contents/Developer/Toolchains/XcodeDefault.xctoolchain/usr/lib/swift/iphonesimulator -L/usr/lib/swift -Xlinker -add_ast_path -Xlinker /Users/paulfaustin/Library/Developer/Xcode/DerivedData/M4-Besigue-eikqqirvrspelwbaehlhymzomkfp/Build/Intermediates.noindex/M4-Besigue.build/Debug-iphonesimulator/M4-Besigue.build/Objects-normal/arm64/M4_Besigue.swiftmodule -Xlinker -alias -Xlinker _main -Xlinker ___debug_main_executable_dylib_entry_point -Xlinker -no_adhoc_codesign -o /Users/paulfaustin/Library/Developer/Xcode/DerivedData/M4-Besigue-eikqqirvrspelwbaehlhymzomkfp/Build/Products/Debug-iphonesimulator/M4-Besigue.app/M4-Besigue.debug.dylib

ConstructStubExecutorLinkFileList /Users/paulfaustin/Library/Developer/Xcode/DerivedData/M4-Besigue-eikqqirvrspelwbaehlhymzomkfp/Build/Intermediates.noindex/M4-Besigue.build/Debug-iphonesimulator/M4-Besigue.build/M4-Besigue-ExecutorLinkFileList-normal-arm64.txt (in target 'M4-Besigue' from project 'M4-Besigue')
    cd /Users/paulfaustin/Documents/My\ Docs/My\ Working/M4/M4-Besigue
    construct-stub-executor-link-file-list /Users/paulfaustin/Library/Developer/Xcode/DerivedData/M4-Besigue-eikqqirvrspelwbaehlhymzomkfp/Build/Products/Debug-iphonesimulator/M4-Besigue.app/M4-Besigue.debug.dylib /Applications/Xcode.app/Contents/Developer/Platforms/iPhoneSimulator.platform/Developer/usr/lib/libPreviewsJITStubExecutor_no_swift_entry_point.a /Applications/Xcode.app/Contents/Developer/Platforms/iPhoneSimulator.platform/Developer/usr/lib/libPreviewsJITStubExecutor.a --output /Users/paulfaustin/Library/Developer/Xcode/DerivedData/M4-Besigue-eikqqirvrspelwbaehlhymzomkfp/Build/Intermediates.noindex/M4-Besigue.build/Debug-iphonesimulator/M4-Besigue.build/M4-Besigue-ExecutorLinkFileList-normal-arm64.txt
note: Using stub executor library with Swift entry point. (in target 'M4-Besigue' from project 'M4-Besigue')

Ld /Users/paulfaustin/Library/Developer/Xcode/DerivedData/M4-Besigue-eikqqirvrspelwbaehlhymzomkfp/Build/Products/Debug-iphonesimulator/M4-Besigue.app/M4-Besigue normal (in target 'M4-Besigue' from project 'M4-Besigue')
    cd /Users/paulfaustin/Documents/My\ Docs/My\ Working/M4/M4-Besigue
    /Applications/Xcode.app/Contents/Developer/Toolchains/XcodeDefault.xctoolchain/usr/bin/clang -Xlinker -reproducible -target arm64-apple-ios18.5-simulator -isysroot /Applications/Xcode.app/Contents/Developer/Platforms/iPhoneSimulator.platform/Developer/SDKs/iPhoneSimulator18.5.sdk -O0 -L/Users/paulfaustin/Library/Developer/Xcode/DerivedData/M4-Besigue-eikqqirvrspelwbaehlhymzomkfp/Build/Products/Debug-iphonesimulator -F/Users/paulfaustin/Library/Developer/Xcode/DerivedData/M4-Besigue-eikqqirvrspelwbaehlhymzomkfp/Build/Products/Debug-iphonesimulator -Xlinker -rpath -Xlinker @executable_path -Xlinker -rpath -Xlinker @executable_path/Frameworks -rdynamic -Xlinker -no_deduplicate -Xlinker -objc_abi_version -Xlinker 2 -Xlinker -debug_variant -e ___debug_blank_executor_main -Xlinker -sectcreate -Xlinker __TEXT -Xlinker __debug_dylib -Xlinker /Users/paulfaustin/Library/Developer/Xcode/DerivedData/M4-Besigue-eikqqirvrspelwbaehlhymzomkfp/Build/Intermediates.noindex/M4-Besigue.build/Debug-iphonesimulator/M4-Besigue.build/M4-Besigue-DebugDylibPath-normal-arm64.txt -Xlinker -sectcreate -Xlinker __TEXT -Xlinker __debug_instlnm -Xlinker /Users/paulfaustin/Library/Developer/Xcode/DerivedData/M4-Besigue-eikqqirvrspelwbaehlhymzomkfp/Build/Intermediates.noindex/M4-Besigue.build/Debug-iphonesimulator/M4-Besigue.build/M4-Besigue-DebugDylibInstallName-normal-arm64.txt -Xlinker -filelist -Xlinker /Users/paulfaustin/Library/Developer/Xcode/DerivedData/M4-Besigue-eikqqirvrspelwbaehlhymzomkfp/Build/Intermediates.noindex/M4-Besigue.build/Debug-iphonesimulator/M4-Besigue.build/M4-Besigue-ExecutorLinkFileList-normal-arm64.txt -Xlinker -sectcreate -Xlinker __TEXT -Xlinker __entitlements -Xlinker /Users/paulfaustin/Library/Developer/Xcode/DerivedData/M4-Besigue-eikqqirvrspelwbaehlhymzomkfp/Build/Intermediates.noindex/M4-Besigue.build/Debug-iphonesimulator/M4-Besigue.build/M4-Besigue.app-Simulated.xcent -Xlinker -sectcreate -Xlinker __TEXT -Xlinker __ents_der -Xlinker /Users/paulfaustin/Library/Developer/Xcode/DerivedData/M4-Besigue-eikqqirvrspelwbaehlhymzomkfp/Build/Intermediates.noindex/M4-Besigue.build/Debug-iphonesimulator/M4-Besigue.build/M4-Besigue.app-Simulated.xcent.der /Users/paulfaustin/Library/Developer/Xcode/DerivedData/M4-Besigue-eikqqirvrspelwbaehlhymzomkfp/Build/Products/Debug-iphonesimulator/M4-Besigue.app/M4-Besigue.debug.dylib -Xlinker -no_adhoc_codesign -o /Users/paulfaustin/Library/Developer/Xcode/DerivedData/M4-Besigue-eikqqirvrspelwbaehlhymzomkfp/Build/Products/Debug-iphonesimulator/M4-Besigue.app/M4-Besigue

CopySwiftLibs /Users/paulfaustin/Library/Developer/Xcode/DerivedData/M4-Besigue-eikqqirvrspelwbaehlhymzomkfp/Build/Products/Debug-iphonesimulator/M4-Besigue.app (in target 'M4-Besigue' from project 'M4-Besigue')
    cd /Users/paulfaustin/Documents/My\ Docs/My\ Working/M4/M4-Besigue
    builtin-swiftStdLibTool --copy --verbose --sign - --scan-executable /Users/paulfaustin/Library/Developer/Xcode/DerivedData/M4-Besigue-eikqqirvrspelwbaehlhymzomkfp/Build/Products/Debug-iphonesimulator/M4-Besigue.app/M4-Besigue.debug.dylib --scan-folder /Users/paulfaustin/Library/Developer/Xcode/DerivedData/M4-Besigue-eikqqirvrspelwbaehlhymzomkfp/Build/Products/Debug-iphonesimulator/M4-Besigue.app/Frameworks --scan-folder /Users/paulfaustin/Library/Developer/Xcode/DerivedData/M4-Besigue-eikqqirvrspelwbaehlhymzomkfp/Build/Products/Debug-iphonesimulator/M4-Besigue.app/PlugIns --scan-folder /Users/paulfaustin/Library/Developer/Xcode/DerivedData/M4-Besigue-eikqqirvrspelwbaehlhymzomkfp/Build/Products/Debug-iphonesimulator/M4-Besigue.app/SystemExtensions --scan-folder /Users/paulfaustin/Library/Developer/Xcode/DerivedData/M4-Besigue-eikqqirvrspelwbaehlhymzomkfp/Build/Products/Debug-iphonesimulator/M4-Besigue.app/Extensions --platform iphonesimulator --toolchain /Applications/Xcode.app/Contents/Developer/Toolchains/XcodeDefault.xctoolchain --destination /Users/paulfaustin/Library/Developer/Xcode/DerivedData/M4-Besigue-eikqqirvrspelwbaehlhymzomkfp/Build/Products/Debug-iphonesimulator/M4-Besigue.app/Frameworks --strip-bitcode --strip-bitcode-tool /Applications/Xcode.app/Contents/Developer/Toolchains/XcodeDefault.xctoolchain/usr/bin/bitcode_strip --emit-dependency-info /Users/paulfaustin/Library/Developer/Xcode/DerivedData/M4-Besigue-eikqqirvrspelwbaehlhymzomkfp/Build/Intermediates.noindex/M4-Besigue.build/Debug-iphonesimulator/M4-Besigue.build/SwiftStdLibToolInputDependencies.dep --filter-for-swift-os

ExtractAppIntentsMetadata (in target 'M4-Besigue' from project 'M4-Besigue')
    cd /Users/paulfaustin/Documents/My\ Docs/My\ Working/M4/M4-Besigue
    /Applications/Xcode.app/Contents/Developer/Toolchains/XcodeDefault.xctoolchain/usr/bin/appintentsmetadataprocessor --toolchain-dir /Applications/Xcode.app/Contents/Developer/Toolchains/XcodeDefault.xctoolchain --module-name M4_Besigue --sdk-root /Applications/Xcode.app/Contents/Developer/Platforms/iPhoneSimulator.platform/Developer/SDKs/iPhoneSimulator18.5.sdk --xcode-version 16F6 --platform-family iOS --deployment-target 18.5 --bundle-identifier com.nivaron.m4besigue.M4-Besigue --output /Users/paulfaustin/Library/Developer/Xcode/DerivedData/M4-Besigue-eikqqirvrspelwbaehlhymzomkfp/Build/Products/Debug-iphonesimulator/M4-Besigue.app --target-triple arm64-apple-ios18.5-simulator --binary-file /Users/paulfaustin/Library/Developer/Xcode/DerivedData/M4-Besigue-eikqqirvrspelwbaehlhymzomkfp/Build/Products/Debug-iphonesimulator/M4-Besigue.app/M4-Besigue --dependency-file /Users/paulfaustin/Library/Developer/Xcode/DerivedData/M4-Besigue-eikqqirvrspelwbaehlhymzomkfp/Build/Intermediates.noindex/M4-Besigue.build/Debug-iphonesimulator/M4-Besigue.build/Objects-normal/arm64/M4-Besigue_dependency_info.dat --stringsdata-file /Users/paulfaustin/Library/Developer/Xcode/DerivedData/M4-Besigue-eikqqirvrspelwbaehlhymzomkfp/Build/Intermediates.noindex/M4-Besigue.build/Debug-iphonesimulator/M4-Besigue.build/Objects-normal/arm64/ExtractedAppShortcutsMetadata.stringsdata --source-file-list /Users/paulfaustin/Library/Developer/Xcode/DerivedData/M4-Besigue-eikqqirvrspelwbaehlhymzomkfp/Build/Intermediates.noindex/M4-Besigue.build/Debug-iphonesimulator/M4-Besigue.build/Objects-normal/arm64/M4-Besigue.SwiftFileList --metadata-file-list /Users/paulfaustin/Library/Developer/Xcode/DerivedData/M4-Besigue-eikqqirvrspelwbaehlhymzomkfp/Build/Intermediates.noindex/M4-Besigue.build/Debug-iphonesimulator/M4-Besigue.build/M4-Besigue.DependencyMetadataFileList --static-metadata-file-list /Users/paulfaustin/Library/Developer/Xcode/DerivedData/M4-Besigue-eikqqirvrspelwbaehlhymzomkfp/Build/Intermediates.noindex/M4-Besigue.build/Debug-iphonesimulator/M4-Besigue.build/M4-Besigue.DependencyStaticMetadataFileList --swift-const-vals-list /Users/paulfaustin/Library/Developer/Xcode/DerivedData/M4-Besigue-eikqqirvrspelwbaehlhymzomkfp/Build/Intermediates.noindex/M4-Besigue.build/Debug-iphonesimulator/M4-Besigue.build/Objects-normal/arm64/M4-Besigue.SwiftConstValuesFileList --compile-time-extraction --deployment-aware-processing --validate-assistant-intents --no-app-shortcuts-localization
2025-08-10 11:50:17.571 appintentsmetadataprocessor[14951:85173444] Starting appintentsmetadataprocessor export
2025-08-10 11:50:17.574 appintentsmetadataprocessor[14951:85173444] warning: Metadata extraction skipped. No AppIntents.framework dependency found.

CodeSign /Users/paulfaustin/Library/Developer/Xcode/DerivedData/M4-Besigue-eikqqirvrspelwbaehlhymzomkfp/Build/Products/Debug-iphonesimulator/M4-Besigue.app/M4-Besigue.debug.dylib (in target 'M4-Besigue' from project 'M4-Besigue')
    cd /Users/paulfaustin/Documents/My\ Docs/My\ Working/M4/M4-Besigue
    
    Signing Identity:     "Sign to Run Locally"
    
    /usr/bin/codesign --force --sign - --timestamp\=none --generate-entitlement-der /Users/paulfaustin/Library/Developer/Xcode/DerivedData/M4-Besigue-eikqqirvrspelwbaehlhymzomkfp/Build/Products/Debug-iphonesimulator/M4-Besigue.app/M4-Besigue.debug.dylib

CodeSign /Users/paulfaustin/Library/Developer/Xcode/DerivedData/M4-Besigue-eikqqirvrspelwbaehlhymzomkfp/Build/Products/Debug-iphonesimulator/M4-Besigue.app/__preview.dylib (in target 'M4-Besigue' from project 'M4-Besigue')
    cd /Users/paulfaustin/Documents/My\ Docs/My\ Working/M4/M4-Besigue
    
    Signing Identity:     "Sign to Run Locally"
    
    /usr/bin/codesign --force --sign - --timestamp\=none --generate-entitlement-der /Users/paulfaustin/Library/Developer/Xcode/DerivedData/M4-Besigue-eikqqirvrspelwbaehlhymzomkfp/Build/Products/Debug-iphonesimulator/M4-Besigue.app/__preview.dylib
/Users/paulfaustin/Library/Developer/Xcode/DerivedData/M4-Besigue-eikqqirvrspelwbaehlhymzomkfp/Build/Products/Debug-iphonesimulator/M4-Besigue.app/__preview.dylib: replacing existing signature

CodeSign /Users/paulfaustin/Library/Developer/Xcode/DerivedData/M4-Besigue-eikqqirvrspelwbaehlhymzomkfp/Build/Products/Debug-iphonesimulator/M4-Besigue.app (in target 'M4-Besigue' from project 'M4-Besigue')
    cd /Users/paulfaustin/Documents/My\ Docs/My\ Working/M4/M4-Besigue
    
    Signing Identity:     "Sign to Run Locally"
    
    /usr/bin/codesign --force --sign - --entitlements /Users/paulfaustin/Library/Developer/Xcode/DerivedData/M4-Besigue-eikqqirvrspelwbaehlhymzomkfp/Build/Intermediates.noindex/M4-Besigue.build/Debug-iphonesimulator/M4-Besigue.build/M4-Besigue.app.xcent --timestamp\=none --generate-entitlement-der /Users/paulfaustin/Library/Developer/Xcode/DerivedData/M4-Besigue-eikqqirvrspelwbaehlhymzomkfp/Build/Products/Debug-iphonesimulator/M4-Besigue.app

Validate /Users/paulfaustin/Library/Developer/Xcode/DerivedData/M4-Besigue-eikqqirvrspelwbaehlhymzomkfp/Build/Products/Debug-iphonesimulator/M4-Besigue.app (in target 'M4-Besigue' from project 'M4-Besigue')
    cd /Users/paulfaustin/Documents/My\ Docs/My\ Working/M4/M4-Besigue
    builtin-validationUtility /Users/paulfaustin/Library/Developer/Xcode/DerivedData/M4-Besigue-eikqqirvrspelwbaehlhymzomkfp/Build/Products/Debug-iphonesimulator/M4-Besigue.app -infoplist-subpath Info.plist

** BUILD SUCCEEDED **

